<?xml version="1.0" encoding="UTF-8"?>
<testsuite name="HealthTest" tests="1" skipped="0" failures="0" errors="0" timestamp="2021-10-13T18:01:20" hostname="arch-lounux" time="0.001">
  <properties/>
  <testcase name="testHealth" classname="HealthTest" time="0.001"/>
  <system-out><![CDATA[]]></system-out>
  <system-err><![CDATA[]]></system-err>
</testsuite>
